<?xml version="1.0" encoding="UTF-8"?>
<!-- Generated by org.testng.reporters.JUnitReportReporter -->
<testsuite skipped="0" hostname="L261731.local" name="testLogin" tests="1" failures="0" timestamp="2020-12-19T10:35:38 PST" time="2.600" errors="0">
  <testcase name="test_login_tc_1" time="2.600" classname="testLogin"/>
  <system-out/>
</testsuite> <!-- testLogin -->
