<?xml version="1.0" encoding="UTF-8"?>
<!-- Generated by org.testng.reporters.JUnitReportReporter -->
<testsuite skipped="0" hostname="L261731.local" name="tets_post" tests="1" failures="0" timestamp="2020-12-19T10:52:33 PST" time="0.009" errors="0">
  <testcase name="test_post" time="0.009" classname="tets_post"/>
  <system-out/>
</testsuite> <!-- tets_post -->
