<?xml version="1.0" encoding="UTF-8"?>
<!-- Generated by org.testng.reporters.JUnitReportReporter -->
<testsuite skipped="0" hostname="L261731.local" name="test.testLogin_Post" tests="2" failures="0" timestamp="2020-12-20T18:50:50 PST" time="5.225" errors="0">
  <testcase name="testLogin" time="2.010" classname="test.testLogin_Post"/>
  <system-out/>
  <testcase name="testInvalidUserLogin" time="3.215" classname="test.testLogin_Post"/>
  <system-out/>
</testsuite> <!-- test.testLogin_Post -->
