<?xml version="1.0" encoding="UTF-8"?>
<!-- Generated by org.testng.reporters.JUnitReportReporter -->
<testsuite skipped="0" hostname="L261731.local" name="upgradeApi.LoginTestCases" tests="1" failures="0" timestamp="2020-12-19T19:43:24 PST" time="3.001" errors="0">
  <testcase name="test_login_valid_response" time="3.001" classname="upgradeApi.LoginTestCases"/>
  <system-out/>
</testsuite> <!-- upgradeApi.LoginTestCases -->
