<?xml version="1.0" encoding="UTF-8"?>
<!-- Generated by org.testng.reporters.JUnitReportReporter -->
<testsuite skipped="0" hostname="L261731.local" name="LoginTestCases" tests="1" failures="0" timestamp="2020-12-19T19:42:10 PST" time="2.378" errors="0">
  <testcase name="test_login_valid_response" time="2.378" classname="LoginTestCases"/>
  <system-out/>
</testsuite> <!-- LoginTestCases -->
