<?xml version="1.0" encoding="UTF-8"?>
<!-- Generated by org.testng.reporters.JUnitReportReporter -->
<testsuite skipped="0" hostname="L261731.local" name="upgradeApi.testLoginApi" tests="2" failures="0" timestamp="2020-12-20T22:47:22 PST" time="4.818" errors="0">
  <testcase name="testInvalidUserLogin" time="2.646" classname="upgradeApi.testLoginApi"/>
  <system-out/>
  <testcase name="testLogin" time="2.172" classname="upgradeApi.testLoginApi"/>
  <system-out/>
</testsuite> <!-- upgradeApi.testLoginApi -->
